android/VRMultiS/proguard/seeds.txt
com.kfirvr.vrcontrols.DeviceMain
com.kfirvr.vrcontrols.DeviceMain: DeviceMain()
com.kfirvr.vrcontrols.R$color: int homeback
com.kfirvr.vrcontrols.R$color: int orange
com.kfirvr.vrcontrols.R$color: int text_color
com.kfirvr.vrcontrols.R$color: int text_press_color
com.kfirvr.vrcontrols.R$color: int text_selected_color
com.kfirvr.vrcontrols.R$color: int textcolor
com.kfirvr.vrcontrols.R$color: int white
com.kfirvr.vrcontrols.R$drawable: int bg
com.kfirvr.vrcontrols.R$drawable: int checkbox_selector
com.kfirvr.vrcontrols.R$drawable: int film_icon
com.kfirvr.vrcontrols.R$drawable: int ic_launcher
com.kfirvr.vrcontrols.R$drawable: int screen_icon
com.kfirvr.vrcontrols.R$id: int all_play
com.kfirvr.vrcontrols.R$id: int all_poweroff
com.kfirvr.vrcontrols.R$id: int btn_play
com.kfirvr.vrcontrols.R$id: int device_battery
com.kfirvr.vrcontrols.R$id: int device_id
com.kfirvr.vrcontrols.R$id: int device_play
com.kfirvr.vrcontrols.R$id: int device_wifi
com.kfirvr.vrcontrols.R$id: int file_list
com.kfirvr.vrcontrols.R$id: int file_mode
com.kfirvr.vrcontrols.R$id: int file_name
com.kfirvr.vrcontrols.R$id: int film_name_type
com.kfirvr.vrcontrols.R$id: int grid_image
com.kfirvr.vrcontrols.R$id: int image_icon
com.kfirvr.vrcontrols.R$id: int item_getlist
com.kfirvr.vrcontrols.R$id: int item_getscreen
com.kfirvr.vrcontrols.R$id: int item_playpause
com.kfirvr.vrcontrols.R$id: int item_poweroff
com.kfirvr.vrcontrols.R$id: int item_stop
com.kfirvr.vrcontrols.R$id: int linearLayout1
com.kfirvr.vrcontrols.R$id: int list360
com.kfirvr.vrcontrols.R$id: int list3D
com.kfirvr.vrcontrols.R$id: int my_scrollview
com.kfirvr.vrcontrols.R$id: int pad_title
com.kfirvr.vrcontrols.R$id: int play_box
com.kfirvr.vrcontrols.R$id: int status_box
com.kfirvr.vrcontrols.R$id: int textView1
com.kfirvr.vrcontrols.R$layout: int device_item_layout
com.kfirvr.vrcontrols.R$layout: int device_layout
com.kfirvr.vrcontrols.R$layout: int film_item_grid_layout
com.kfirvr.vrcontrols.R$layout: int film_item_layout
com.kfirvr.vrcontrols.R$layout: int main_board_layout
com.kfirvr.vrcontrols.R$layout: int welcome_main_layout
com.kfirvr.vrcontrols.R$string: int app_name
com.kfirvr.vrcontrols.R$style: int AppBaseTheme
com.kfirvr.vrcontrols.R$style: int AppTheme
com.kfirvr.vrcontrols.R$style: int MyCheckBox
com.kfirvr.vrcontrols.SApplication
com.kfirvr.vrcontrols.SApplication: SApplication()
com.kfirvr.vrcontrols.WelcomeMain
com.kfirvr.vrcontrols.WelcomeMain: WelcomeMain()
com.kfirvr.vrcontrols.server.MainServer
com.kfirvr.vrcontrols.server.MainServer: MainServer()
com.kfirvr.vrcontrols.server.SReceiver
com.kfirvr.vrcontrols.server.SReceiver: SReceiver()
...
android.support.v4.app.ListFragment
android.support.v4.app.NotificationCompat$Action
android.support.v4.app.NotificationCompat$Action$WearableExtender
android.support.v4.app.NotificationCompat$BigPictureStyle
android.support.v4.app.NotificationCompat$BigTextStyle
android.support.v4.app.NotificationCompat$CarExtender
android.support.v4.app.NotificationCompat$CarExtender$UnreadConversation
android.support.v4.app.NotificationCompat$InboxStyle
android.support.v4.app.NotificationCompat$WearableExtender
android.support.v4.app.NotificationCompatApi20$Builder
android.support.v4.app.NotificationCompatApi21$Builder
android.support.v4.app.NotificationCompatJellybean$Builder
android.support.v4.app.NotificationCompatKitKat$Builder
android.support.v4.app.NotificationCompatSideChannelService
android.support.v4.app.RemoteInput
android.support.v4.content.AsyncTaskLoader
android.support.v4.content.CursorLoader
android.support.v4.content.FileProvider
android.support.v4.content.ModernAsyncTask$Status: android.support.v4.content.ModernAsyncTask$Status[] values()
android.support.v4.content.ModernAsyncTask$Status: android.support.v4.content.ModernAsyncTask$Status valueOf(java.lang.String)
android.support.v4.content.WakefulBroadcastReceiver
android.support.v4.internal.view.SupportSubMenu
android.support.v4.media.MediaMetadataCompat
android.support.v4.media.MediaMetadataCompat: android.os.Parcelable$Creator CREATOR
android.support.v4.media.RatingCompat
android.support.v4.media.RatingCompat: android.os.Parcelable$Creator CREATOR
android.support.v4.media.TransportMediator
android.support.v4.media.routing.MediaRouterJellybeanMr1$Callback
android.support.v4.media.session.MediaSessionCompat$Token
android.support.v4.media.session.MediaSessionCompat$Token: android.os.Parcelable$Creator CREATOR
android.support.v4.media.session.PlaybackStateCompat
android.support.v4.media.session.PlaybackStateCompat: android.os.Parcelable$Creator CREATOR
android.support.v4.util.ArrayMap
android.support.v4.util.Pools$SimplePool
android.support.v4.util.Pools$SynchronizedPool
android.support.v4.view.PagerTabStrip
android.support.v4.view.PagerTabStrip: void setTabIndicatorColor(int)
android.support.v4.view.PagerTabStrip: void setTabIndicatorColorResource(int)
android.support.v4.view.PagerTabStrip: int getTabIndicatorColor()
android.support.v4.view.PagerTabStrip: void setTextSpacing(int)
android.support.v4.view.PagerTabStrip: void setBackgroundDrawable(android.graphics.drawable.Drawable)
android.support.v4.view.PagerTabStrip: void setBackgroundColor(int)
android.support.v4.view.PagerTabStrip: void setBackgroundResource(int)
android.support.v4.view.PagerTabStrip: void setDrawFullUnderline(boolean)
android.support.v4.view.PagerTabStrip: boolean getDrawFullUnderline()
android.support.v4.view.PagerTabStrip: int getMinHeight()
android.support.v4.view.PagerTitleStrip
android.support.v4.view.PagerTitleStrip: void setSingleLineAllCaps(android.widget.TextView)
android.support.v4.view.PagerTitleStrip: void setTextSpacing(int)
android.support.v4.view.PagerTitleStrip: int getTextSpacing()
android.support.v4.view.PagerTitleStrip: void setNonPrimaryAlpha(float)
android.support.v4.view.PagerTitleStrip: void setTextColor(int)
android.support.v4.view.PagerTitleStrip: void setGravity(int)
android.support.v4.view.PagerTitleStrip: int getMinHeight()