android/VRMultiS/proguard/mapping.txt
com.kfirvr.vrcontrols.DeviceAdapter -> com.kfirvr.vrcontrols.a:
    java.util.List mList -> a
    android.view.LayoutInflater mInflater -> b
    android.content.Context mContext -> c
    void setList(java.util.List) -> a
    int getCount() -> getCount
    java.lang.Object getItem(int) -> getItem
    long getItemId(int) -> getItemId
    android.view.View getView(int,android.view.View,android.view.ViewGroup) -> getView
    android.content.Context access$0(com.kfirvr.vrcontrols.DeviceAdapter) -> a
com.kfirvr.vrcontrols.DeviceAdapter$1 -> com.kfirvr.vrcontrols.b:
    com.kfirvr.vrcontrols.DeviceAdapter this$0 -> a
    int val$id -> b
    void onClick(android.view.View) -> onClick
com.kfirvr.vrcontrols.DeviceAdapter$ViewHolder -> com.kfirvr.vrcontrols.c:
    android.widget.ImageView mImageIcon -> a
    android.widget.TextView mDeviceId -> b
    android.widget.TextView mDeviceWifi -> c
    android.widget.TextView mDevicePlay -> d
    android.widget.TextView mDeviceBattery -> e
    com.kfirvr.vrcontrols.DeviceAdapter this$0 -> f
com.kfirvr.vrcontrols.DeviceMain -> com.kfirvr.vrcontrols.DeviceMain:
    com.kfirvr.vrcontrols.ui.ServerProxy mProxy -> a
    com.kfirvr.vrcontrols.SApplication mApplication -> b
    android.widget.Button mPowerOff -> c
    android.widget.Button mGetList -> d
    android.widget.Button mGetScreen -> e
    android.widget.Button mPlayPause -> f
    android.widget.Button mStop -> g
    android.widget.ImageView mIcon -> h
    android.widget.ListView m3DList -> i
    android.widget.ListView m360List -> j
    com.kfirvr.vrcontrols.FilmAdapter m3DAdapter -> k
    com.kfirvr.vrcontrols.FilmAdapter m360Adapter -> l
    com.kfirvr.vrcontrol.protocol.PlayParam mPlayParam -> m
    int mID -> n
    com.kfirvr.vrcontrols.server.ClientNode mNode -> o
    long mLastUpdateScreen -> p
    boolean isOnPause -> q
    android.os.Handler mHandler -> r
    void onCreate(android.os.Bundle) -> onCreate
    void onDestroy() -> onDestroy
    void onPause() -> onPause
    void onResume() -> onResume
    void updateView() -> a
    void onNodeUpdated(int) -> a
    void onLinkClosed(int) -> b
    void onLinkReady(int) -> c
    void onFilmStart(java.lang.String,int) -> a
    boolean access$0(com.kfirvr.vrcontrols.DeviceMain) -> a
    com.kfirvr.vrcontrols.server.ClientNode access$1(com.kfirvr.vrcontrols.DeviceMain) -> b
    long access$2(com.kfirvr.vrcontrols.DeviceMain) -> c
    void access$3(com.kfirvr.vrcontrols.DeviceMain,long) -> a
com.kfirvr.vrcontrols.DeviceMain$1 -> com.kfirvr.vrcontrols.d:
    com.kfirvr.vrcontrols.DeviceMain this$0 -> a
    void handleMessage(android.os.Message) -> handleMessage
com.kfirvr.vrcontrols.DeviceMain$2 -> com.kfirvr.vrcontrols.e:
    com.kfirvr.vrcontrols.DeviceMain this$0 -> a
    void onClick(android.view.View) -> onClick
com.kfirvr.vrcontrols.DeviceMain$3 -> com.kfirvr.vrcontrols.f:
    com.kfirvr.vrcontrols.DeviceMain this$0 -> a
    void onClick(android.view.View) -> onClick
com.kfirvr.vrcontrols.DeviceMain$4 -> com.kfirvr.vrcontrols.g:
    com.kfirvr.vrcontrols.DeviceMain this$0 -> a
    void onClick(android.view.View) -> onClick
com.kfirvr.vrcontrols.DeviceMain$5 -> com.kfirvr.vrcontrols.h:
    com.kfirvr.vrcontrols.DeviceMain this$0 -> a
    void onClick(android.view.View) -> onClick
com.kfirvr.vrcontrols.DeviceMain$6 -> com.kfirvr.vrcontrols.i:
    com.kfirvr.vrcontrols.DeviceMain this$0 -> a
    void onClick(android.view.View) -> onClick
...
android.support.v4.app.NotificationCompat$BigPictureStyle -> android.support.v4.app.NotificationCompat$BigPictureStyle:
android.support.v4.app.NotificationCompat$BigTextStyle -> android.support.v4.app.NotificationCompat$BigTextStyle:
android.support.v4.app.NotificationCompat$CarExtender -> android.support.v4.app.NotificationCompat$CarExtender:
    int mColor -> a
android.support.v4.app.NotificationCompat$CarExtender$UnreadConversation -> android.support.v4.app.NotificationCompat$CarExtender$UnreadConversation:
    android.support.v4.app.NotificationCompatBase$UnreadConversation$Factory FACTORY -> a
android.support.v4.app.NotificationCompat$CarExtender$UnreadConversation$1 -> android.support.v4.app.bd:
android.support.v4.app.NotificationCompat$InboxStyle -> android.support.v4.app.NotificationCompat$InboxStyle:
    java.util.ArrayList mTexts -> a
android.support.v4.app.NotificationCompat$NotificationCompatImpl -> android.support.v4.app.be:
android.support.v4.app.NotificationCompat$NotificationCompatImplApi20 -> android.support.v4.app.bf:
android.support.v4.app.NotificationCompat$NotificationCompatImplApi21 -> android.support.v4.app.bg:
android.support.v4.app.NotificationCompat$NotificationCompatImplBase -> android.support.v4.app.bh:
android.support.v4.app.NotificationCompat$NotificationCompatImplGingerbread -> android.support.v4.app.bi:
android.support.v4.app.NotificationCompat$NotificationCompatImplHoneycomb -> android.support.v4.app.bj:
android.support.v4.app.NotificationCompat$NotificationCompatImplIceCreamSandwich -> android.support.v4.app.bk:
android.support.v4.app.NotificationCompat$NotificationCompatImplJellybean -> android.support.v4.app.bl:
android.support.v4.app.NotificationCompat$NotificationCompatImplKitKat -> android.support.v4.app.bm:
android.support.v4.app.NotificationCompat$Style -> android.support.v4.app.bn:
    boolean mSummaryTextSet -> b
android.support.v4.app.NotificationCompat$WearableExtender -> android.support.v4.app.bo:
    java.util.ArrayList mActions -> a
    int mFlags -> b
    android.app.PendingIntent mDisplayIntent -> c
    java.util.ArrayList mPages -> d
    android.graphics.Bitmap mBackground -> e
    int mContentIcon -> f
    int mContentIconGravity -> g
    int mContentActionIndex -> h
    int mCustomSizePreset -> i
    int mCustomContentHeight -> j
    int mGravity -> k
    int mHintScreenTimeout -> l
    android.support.v4.app.NotificationCompat$WearableExtender clone() -> a
    java.lang.Object clone() -> clone
android.support.v4.app.NotificationCompatApi20 -> android.support.v4.app.bp:
android.support.v4.app.NotificationCompatApi20$Builder -> android.support.v4.app.bq:
android.support.v4.app.NotificationCompatApi21 -> android.support.v4.app.br:
android.support.v4.app.NotificationCompatApi21$Builder -> android.support.v4.app.bs:
android.support.v4.app.NotificationCompatBase -> android.support.v4.app.bt:
android.support.v4.app.NotificationCompatBase$Action -> android.support.v4.app.bu:
android.support.v4.app.NotificationCompatBase$Action$Factory -> android.support.v4.app.bv:
android.support.v4.app.NotificationCompatBase$UnreadConversation -> android.support.v4.app.bw:
android.support.v4.app.NotificationCompatBase$UnreadConversation$Factory -> android.support.v4.app.bx:
android.support.v4.app.NotificationCompatJellybean -> android.support.v4.app.by:
    java.lang.Object sExtrasLock -> a
    java.lang.Object sActionsLock -> b
android.support.v4.app.NotificationCompatJellybean$Builder -> android.support.v4.app.bz:
android.support.v4.app.NotificationCompatKitKat -> android.support.v4.app.ca:
android.support.v4.app.NotificationCompatKitKat$Builder -> android.support.v4.app.cb:
android.support.v4.app.NotificationCompatSideChannelService -> android.support.v4.app.NotificationCompatSideChannelService: