android/VRMultiS/proguard/usage.txt
com.kfirvr.vrcontrols.BuildConfig
com.kfirvr.vrcontrols.DeviceMain:
    private static final int MSG_GET_SCREEN
com.kfirvr.vrcontrols.R
com.kfirvr.vrcontrols.R$attr
com.kfirvr.vrcontrols.R$color
com.kfirvr.vrcontrols.R$drawable
com.kfirvr.vrcontrols.R$id
com.kfirvr.vrcontrols.R$layout
com.kfirvr.vrcontrols.R$string
com.kfirvr.vrcontrols.R$style
com.kfirvr.vrcontrols.SApplication:
    43:46:public void removeAllNodes()
com.kfirvr.vrcontrols.WelcomeMain:
    private static final int MSG_UPDATE_NODE
    private static final int MSG_UPDATE_SCREEN
com.kfirvr.vrcontrols.ctl.lan.ChannelQueue:
    24:24:public int size()
    52:52:public com.kfirvr.vrcontrols.ctl.lan.ChannelQueue$ChannelData peekData()
com.kfirvr.vrcontrols.ctl.lan.INetInterface:
    public static final int ENG_TYPE_CLIENT
    public static final int ENG_TYPE_SERVER
    public static final int ENG_STATUS_IDLE
    public static final int ENG_STATUS_READY
    public static final int ENG_STATUS_FAILED
    public static final int LanTCPPort
    public static final int LanUDPPort
    public static final long TIME_OUT_CONNECT
    public static final long TIME_RESTART_GAP
    public static final java.lang.String UDP_GAP
    public static final java.lang.String UDP_REQUEST
    public static final java.lang.String UDP_SEND
    public static final java.lang.String UDP_PAIR_CODE
    public abstract int getEngStatus(int)
    public abstract void clearAllLink()
    public abstract void stopLinkById(int)
    public abstract int[] getLinkList()
    public abstract int sendData(int,byte[])
com.kfirvr.vrcontrols.ctl.lan.INetListener:
    public abstract void onEngStatus(int)
com.kfirvr.vrcontrols.ctl.lan.LanControlS:
    private static final int MSG_CHECK_ENG_STATUS
    262:262:public int getEngStatus(int)
    274:276:public void clearAllLink()
    281:282:public void stopLinkById(int)
    287:289:public int[] getLinkList()
    303:305:public int sendData(int,byte[])
com.kfirvr.vrcontrols.ctl.lan.SocketManager:
    40:55:public int[] getSocketList()
    92:98:public void closeSocket(int)
    110:115:public int sendData(int,byte[])
com.kfirvr.vrcontrols.ctl.lan.SocketManager$SocketSource:
    190:200:public int sendData(byte[])
com.kfirvr.vrcontrols.ctl.utils.AbstractTask:
    public static final int STATUS_IDLE
    public static final int STATUS_RUNNING
    public static final int STATUS_FINISHED
    public static final int STATUS_SUSPEND
    57:57:public int getStatus()
com.kfirvr.vrcontrols.ctl.utils.CommonUtil:
    21:21:public CommonUtil()
    26:29:public static void runTask(java.lang.Runnable)
    47:49:public static void sendDisconnectIntent(android.content.Context)
    83:84:public static android.graphics.Bitmap stringAsImg(java.lang.String)
    88:99:public static byte[] imageAsBytes(android.graphics.Bitmap)
    103:104:public static android.graphics.Bitmap bytesAsImage(byte[])
    108:109:public static java.lang.String imgAsString(android.graphics.Bitmap)
    114:129:public static void readLengthedData(int,byte[],java.io.InputStream)
com.kfirvr.vrcontrols.ctl.utils.CommonUtil$RunnableProxy
com.kfirvr.vrcontrols.ctl.utils.Constants
com.kfirvr.vrcontrols.ctl.utils.ITimeoutAction
com.kfirvr.vrcontrols.ctl.utils.LoopTask:
    43:43:public boolean isCanceling()
com.kfirvr.vrcontrols.ctl.utils.LoopTask$StopSignal:
    private static final long serialVersionUID
com.kfirvr.vrcontrols.ctl.utils.NetUtils:
    7:7:public NetUtils()
com.kfirvr.vrcontrols.ctl.utils.TaskResult:
    36:36:public com.kfirvr.vrcontrols.ctl.utils.AbstractTask getTask()
    45:48:public void resumeTask()
    51:64:public com.kfirvr.vrcontrols.ctl.utils.AbstractTask wait4End()
    68:68:public boolean isTaskFinished()
    89:89:public boolean isCanceled()
com.kfirvr.vrcontrols.ctl.utils.TimerTask
...
android.support.v4.text.ICUCompat$ICUCompatImpl
android.support.v4.text.ICUCompat$ICUCompatImplBase
android.support.v4.text.ICUCompat$ICUCompatImplIcs
android.support.v4.text.ICUCompatIcs
android.support.v4.text.TextDirectionHeuristicCompat
android.support.v4.text.TextDirectionHeuristicsCompat
android.support.v4.text.TextDirectionHeuristicsCompat$1
android.support.v4.text.TextDirectionHeuristicsCompat$AnyStrong
android.support.v4.text.TextDirectionHeuristicsCompat$FirstStrong
android.support.v4.text.TextDirectionHeuristicsCompat$TextDirectionAlgorithm
android.support.v4.text.TextDirectionHeuristicsCompat$TextDirectionHeuristicImpl
android.support.v4.text.TextDirectionHeuristicsCompat$TextDirectionHeuristicInternal
android.support.v4.text.TextDirectionHeuristicsCompat$TextDirectionHeuristicLocale
android.support.v4.text.TextUtilsCompat
android.support.v4.util.ArrayMap:
    61:62:public ArrayMap(int)
    68:69:public ArrayMap(android.support.v4.util.SimpleArrayMap)
    130:130:public boolean containsAll(java.util.Collection)
    151:151:public boolean removeAll(java.util.Collection)
android.support.v4.util.AtomicFile
android.support.v4.util.CircularArray
android.support.v4.util.ContainerHelpers:
    19:19:ContainerHelpers()
    29:29:public static int idealLongArraySize(int)
    65:80:static int binarySearch(long[],int,long)
android.support.v4.util.DebugUtils:
    25:25:public DebugUtils()
android.support.v4.util.LongSparseArray
android.support.v4.util.LruCache
android.support.v4.util.Pair
android.support.v4.util.Pools:
    69:71:private Pools()
android.support.v4.util.Pools$Pool
android.support.v4.util.Pools$SimplePool:
    private final java.lang.Object[] mPool
    private int mPoolSize
    90:95:public Pools$SimplePool(int)
    100:107:public java.lang.Object acquire()
    112:120:public boolean release(java.lang.Object)
    124:129:private boolean isInPool(java.lang.Object)
android.support.v4.util.Pools$SynchronizedPool:
    private final java.lang.Object mLock
    149:150:public Pools$SynchronizedPool(int)
    154:156:public java.lang.Object acquire()
    161:163:public boolean release(java.lang.Object)
android.support.v4.util.SimpleArrayMap:
    private static final boolean DEBUG
    private static final java.lang.String TAG
    private static final int BASE_SIZE
    private static final int CACHE_SIZE
    217:225:public SimpleArrayMap(int)
    231:235:public SimpleArrayMap(android.support.v4.util.SimpleArrayMap)
    429:442:public void putAll(android.support.v4.util.SimpleArrayMap)
android.support.v4.util.SparseArrayCompat:
    119:123:public void removeAt(int)
    132:136:public void removeAtRange(int,int)
    263:268:public void setValueAt(int,java.lang.Object)
    276:280:public int indexOfKey(int)
    294:302:public int indexOfValue(java.lang.Object)
    325:352:public void append(int,java.lang.Object)
android.support.v4.util.TimeUtils:
    public static final int HUNDRED_DAY_FIELD_LEN
    private static final int SECONDS_PER_MINUTE
    private static final int SECONDS_PER_HOUR
    private static final int SECONDS_PER_DAY
    27:27:public TimeUtils()
    148:152:public static void formatDuration(long,java.lang.StringBuilder)